<?xml version="1.0" encoding="UTF-8"?>
<!-- Generated by org.testng.reporters.JUnitReportReporter -->
<testsuite name="TestCases.TC_006" tests="1" time="359.782" ignored="0" failures="0" timestamp="01 Dec 2017 11:30:22 GMT" skipped="0" hostname="Ganesan-MBP" errors="0">
  <testcase name="testcase1" time="359.782" classname="TestCases.TC_006"/>
</testsuite> <!-- TestCases.TC_006 -->
