<?xml version="1.0" encoding="UTF-8"?>
<!-- Generated by org.testng.reporters.JUnitReportReporter -->
<testsuite name="TestCases.TC_002" tests="1" time="4.197" ignored="0" failures="0" timestamp="04 Oct 2017 07:34:33 GMT" skipped="0" hostname="Ganesan-MacBook-Pro.local" errors="0">
  <testcase name="testcase2" time="4.197" classname="TestCases.TC_002"/>
</testsuite> <!-- TestCases.TC_002 -->
