<?xml version="1.0" encoding="UTF-8"?>
<!-- Generated by org.testng.reporters.JUnitReportReporter -->
<testsuite name="TestCases.TC_005" tests="1" time="185.809" ignored="0" failures="0" timestamp="22 Nov 2017 15:42:00 GMT" skipped="0" hostname="Ganesan-MBP" errors="0">
  <testcase name="testcase1" time="185.809" classname="TestCases.TC_005"/>
</testsuite> <!-- TestCases.TC_005 -->
