<?xml version="1.0" encoding="UTF-8"?>
<!-- Generated by org.testng.reporters.JUnitReportReporter -->
<testsuite name="TestCases.TC_003" tests="1" time="289.429" ignored="0" failures="0" timestamp="24 Nov 2017 05:53:26 GMT" skipped="0" hostname="Ganesan-MacBook-Pro.local" errors="0">
  <testcase name="testcase1" time="289.429" classname="TestCases.TC_003"/>
</testsuite> <!-- TestCases.TC_003 -->
