<?xml version="1.0" encoding="UTF-8"?>
<!-- Generated by org.testng.reporters.JUnitReportReporter -->
<testsuite name="TestCases.TC_004" tests="1" time="158.524" ignored="0" failures="0" timestamp="24 Nov 2017 06:07:01 GMT" skipped="0" hostname="Ganesan-MacBook-Pro.local" errors="0">
  <testcase name="testcase1" time="158.524" classname="TestCases.TC_004"/>
</testsuite> <!-- TestCases.TC_004 -->
