<?xml version="1.0" encoding="UTF-8"?>
<!-- Generated by org.testng.reporters.JUnitReportReporter -->
<testsuite name="TestCases.TC_003" tests="1" time="441.159" ignored="0" failures="0" timestamp="04 Dec 2017 09:26:40 GMT" skipped="0" hostname="Ganesan-MacBook-Pro.local" errors="0">
  <testcase name="testcase1" time="441.159" classname="TestCases.TC_003"/>
</testsuite> <!-- TestCases.TC_003 -->
